  [1m[35m (0.1ms)[0m  [1m[34mSELECT sqlite_version(*)[0m
  [1m[35m (3.3ms)[0m  [1m[35mCREATE TABLE "schema_migrations" ("version" varchar NOT NULL PRIMARY KEY)[0m
  [1m[35m (1.5ms)[0m  [1m[35mCREATE TABLE "ar_internal_metadata" ("key" varchar NOT NULL PRIMARY KEY, "value" varchar, "created_at" datetime NOT NULL, "updated_at" datetime NOT NULL)[0m
  [1m[35m (0.1ms)[0m  [1m[34mSELECT "schema_migrations"."version" FROM "schema_migrations" ORDER BY "schema_migrations"."version" ASC[0m
Migrating to CreateBooks (20191108024018)
  [1m[35m (0.0ms)[0m  [1m[36mbegin transaction[0m
  [1m[35m (0.6ms)[0m  [1m[35mCREATE TABLE "books" ("id" INTEGER PRIMARY KEY AUTOINCREMENT NOT NULL, "title" varchar, "memo" text, "created_at" datetime NOT NULL, "updated_at" datetime NOT NULL)[0m
  [1m[35mSQL (0.2ms)[0m  [1m[32mINSERT INTO "schema_migrations" ("version") VALUES (?)[0m  [["version", "20191108024018"]]
  [1m[35m (0.8ms)[0m  [1m[36mcommit transaction[0m
  [1m[36mActiveRecord::InternalMetadata Load (0.2ms)[0m  [1m[34mSELECT  "ar_internal_metadata".* FROM "ar_internal_metadata" WHERE "ar_internal_metadata"."key" = ? LIMIT ?[0m  [["key", "environment"], ["LIMIT", 1]]
  [1m[35m (0.0ms)[0m  [1m[36mbegin transaction[0m
  [1m[35mSQL (0.3ms)[0m  [1m[32mINSERT INTO "ar_internal_metadata" ("key", "value", "created_at", "updated_at") VALUES (?, ?, ?, ?)[0m  [["key", "environment"], ["value", "development"], ["created_at", "2019-11-08 02:40:25.367765"], ["updated_at", "2019-11-08 02:40:25.367765"]]
  [1m[35m (0.8ms)[0m  [1m[36mcommit transaction[0m
  [1m[35m (0.1ms)[0m  [1m[34mSELECT "schema_migrations"."version" FROM "schema_migrations" ORDER BY "schema_migrations"."version" ASC[0m
  [1m[35m (0.3ms)[0m  [1m[36mbegin transaction[0m
  [1m[35mSQL (1.5ms)[0m  [1m[32mINSERT INTO "books" ("title", "memo", "created_at", "updated_at") VALUES (?, ?, ?, ?)[0m  [["title", "some title"], ["memo", "some memo"], ["created_at", "2019-11-08 02:45:38.963336"], ["updated_at", "2019-11-08 02:45:38.963336"]]
  [1m[35m (1.3ms)[0m  [1m[36mcommit transaction[0m
  [1m[36mBook Load (0.7ms)[0m  [1m[34mSELECT  "books".* FROM "books" ORDER BY "books"."id" DESC LIMIT ?[0m  [["LIMIT", 1]]
Started GET "/books" for ::1 at 2019-11-08 11:46:11 +0900
  [1m[35m (0.1ms)[0m  [1m[34mSELECT "schema_migrations"."version" FROM "schema_migrations" ORDER BY "schema_migrations"."version" ASC[0m
Processing by BooksController#index as HTML
  Rendering books/index.html.erb within layouts/application
  [1m[36mBook Load (0.2ms)[0m  [1m[34mSELECT "books".* FROM "books"[0m
  Rendered books/index.html.erb within layouts/application (7.9ms)
Completed 200 OK in 590ms (Views: 580.3ms | ActiveRecord: 0.8ms)


Started GET "/books/1" for ::1 at 2019-11-08 11:46:19 +0900
Processing by BooksController#show as HTML
  Parameters: {"id"=>"1"}
  [1m[36mBook Load (0.5ms)[0m  [1m[34mSELECT  "books".* FROM "books" WHERE "books"."id" = ? LIMIT ?[0m  [["id", 1], ["LIMIT", 1]]
  Rendering books/show.html.erb within layouts/application
  Rendered books/show.html.erb within layouts/application (1.2ms)
Completed 200 OK in 42ms (Views: 27.8ms | ActiveRecord: 0.5ms)


Started GET "/books" for ::1 at 2019-11-08 11:46:21 +0900
Processing by BooksController#index as HTML
  Rendering books/index.html.erb within layouts/application
  [1m[36mBook Load (0.3ms)[0m  [1m[34mSELECT "books".* FROM "books"[0m
  Rendered books/index.html.erb within layouts/application (2.2ms)
Completed 200 OK in 46ms (Views: 43.9ms | ActiveRecord: 0.3ms)


  [1m[35m (0.1ms)[0m  [1m[34mSELECT "schema_migrations"."version" FROM "schema_migrations" ORDER BY "schema_migrations"."version" ASC[0m
Migrating to AddAuthorToBooks (20191108024735)
  [1m[35m (0.0ms)[0m  [1m[36mbegin transaction[0m
  [1m[35m (0.8ms)[0m  [1m[35mALTER TABLE "books" ADD "author" varchar[0m
  [1m[35mSQL (0.2ms)[0m  [1m[32mINSERT INTO "schema_migrations" ("version") VALUES (?)[0m  [["version", "20191108024735"]]
  [1m[35m (2.1ms)[0m  [1m[36mcommit transaction[0m
  [1m[36mActiveRecord::InternalMetadata Load (0.2ms)[0m  [1m[34mSELECT  "ar_internal_metadata".* FROM "ar_internal_metadata" WHERE "ar_internal_metadata"."key" = ? LIMIT ?[0m  [["key", "environment"], ["LIMIT", 1]]
  [1m[35m (0.0ms)[0m  [1m[36mbegin transaction[0m
  [1m[35m (0.0ms)[0m  [1m[36mcommit transaction[0m
  [1m[35m (0.2ms)[0m  [1m[34mSELECT "schema_migrations"."version" FROM "schema_migrations" ORDER BY "schema_migrations"."version" ASC[0m
Started GET "/" for ::1 at 2019-11-15 09:59:39 +0900
  [1m[35m (0.6ms)[0m  [1m[34mSELECT "schema_migrations"."version" FROM "schema_migrations" ORDER BY "schema_migrations"."version" ASC[0m
Processing by Rails::WelcomeController#index as HTML
  Rendering /Users/missingusers/.rbenv/versions/2.6.3/lib/ruby/gems/2.6.0/gems/railties-5.1.7/lib/rails/templates/rails/welcome/index.html.erb
  Rendered /Users/missingusers/.rbenv/versions/2.6.3/lib/ruby/gems/2.6.0/gems/railties-5.1.7/lib/rails/templates/rails/welcome/index.html.erb (3.2ms)
Completed 200 OK in 21ms (Views: 12.6ms | ActiveRecord: 0.0ms)


Started GET "/books" for ::1 at 2019-11-15 10:00:09 +0900
Processing by BooksController#index as HTML
  Rendering books/index.html.erb within layouts/application
  Rendered books/index.html.erb within layouts/application (0.4ms)
Completed 200 OK in 264ms (Views: 260.2ms | ActiveRecord: 0.0ms)


Started GET "/books" for ::1 at 2019-11-15 10:08:09 +0900
Processing by BooksController#index as HTML
  Rendering books/index.html.erb within layouts/application
  Rendered books/index.html.erb within layouts/application (5.3ms)
Completed 500 Internal Server Error in 15ms (ActiveRecord: 0.0ms)


  
ActionView::Template::Error (undefined method `each' for nil:NilClass):
    1: <% @books.each do |book| %>
    2:   <tr>
    3:     <td><%= book.title %></td>
    4:     <td><%= book.memo %></td>
  
app/views/books/index.html.erb:1:in `_app_views_books_index_html_erb__1682846744998616265_70346672478520'
Started GET "/books" for ::1 at 2019-11-15 10:08:50 +0900
Processing by BooksController#index as HTML
  Rendering books/index.html.erb within layouts/application
  Rendered books/index.html.erb within layouts/application (2.8ms)
Completed 500 Internal Server Error in 8ms (ActiveRecord: 0.0ms)


  
ActionView::Template::Error (undefined method `each' for nil:NilClass):
    1: <% @books.each do |book| %>
    2:   <tr>
    3:     <td><%= book.title %></td>
    4:     <td><%= book.memo %></td>
  
app/views/books/index.html.erb:1:in `_app_views_books_index_html_erb__1682846744998616265_70346704966980'
Started GET "/books" for ::1 at 2019-11-15 10:08:51 +0900
Processing by BooksController#index as HTML
  Rendering books/index.html.erb within layouts/application
  Rendered books/index.html.erb within layouts/application (2.7ms)
Completed 500 Internal Server Error in 8ms (ActiveRecord: 0.0ms)


  
ActionView::Template::Error (undefined method `each' for nil:NilClass):
    1: <% @books.each do |book| %>
    2:   <tr>
    3:     <td><%= book.title %></td>
    4:     <td><%= book.memo %></td>
  
app/views/books/index.html.erb:1:in `_app_views_books_index_html_erb__1682846744998616265_70346671759320'
  [1m[36mBook Load (2.2ms)[0m  [1m[34mSELECT  "books".* FROM "books" LIMIT ?[0m  [["LIMIT", 11]]
  [1m[36mBook Load (0.6ms)[0m  [1m[34mSELECT "books".* FROM "books"[0m
  [1m[36mBook Load (0.4ms)[0m  [1m[34mSELECT  "books".* FROM "books" ORDER BY "books"."id" ASC LIMIT ?[0m  [["LIMIT", 1]]
  [1m[35m (0.8ms)[0m  [1m[34mSELECT "schema_migrations"."version" FROM "schema_migrations" ORDER BY "schema_migrations"."version" ASC[0m
Migrating to AddPictureToBooks (20191115024229)
  [1m[35m (0.1ms)[0m  [1m[36mbegin transaction[0m
  [1m[35m (1.1ms)[0m  [1m[35mALTER TABLE "books" ADD "picture" varchar[0m
  [1m[35mSQL (1.9ms)[0m  [1m[32mINSERT INTO "schema_migrations" ("version") VALUES (?)[0m  [["version", "20191115024229"]]
  [1m[35m (0.8ms)[0m  [1m[36mcommit transaction[0m
  [1m[36mActiveRecord::InternalMetadata Load (0.8ms)[0m  [1m[34mSELECT  "ar_internal_metadata".* FROM "ar_internal_metadata" WHERE "ar_internal_metadata"."key" = ? LIMIT ?[0m  [["key", "environment"], ["LIMIT", 1]]
  [1m[35m (0.0ms)[0m  [1m[36mbegin transaction[0m
  [1m[35m (0.1ms)[0m  [1m[36mcommit transaction[0m
  [1m[35m (0.1ms)[0m  [1m[34mSELECT "schema_migrations"."version" FROM "schema_migrations" ORDER BY "schema_migrations"."version" ASC[0m
Started GET "/books" for ::1 at 2019-11-15 11:58:21 +0900
  [1m[35m (1.0ms)[0m  [1m[34mSELECT "schema_migrations"."version" FROM "schema_migrations" ORDER BY "schema_migrations"."version" ASC[0m
  
SyntaxError (/Users/missingusers/Desktop/01授業資料/01テクノロジー/03藤原先生/fujiwara/learning-framework1/books_app/app/controllers/books_controller.rb:16: syntax error, unexpected ',', expecting '}'
...   format.json { render * show, status::created, location: @...
...                              ^
/Users/missingusers/Desktop/01授業資料/01テクノロジー/03藤原先生/fujiwara/learning-framework1/books_app/app/controllers/books_controller.rb:16: syntax error, unexpected tLABEL, expecting '='
...how, status::created, location: @book }
...                      ^~~~~~~~~
/Users/missingusers/Desktop/01授業資料/01テクノロジー/03藤原先生/fujiwara/learning-framework1/books_app/app/controllers/books_controller.rb:19: syntax error, unexpected '}', expecting =>
... status::unprocessable_entity }
...                              ^):
  
app/controllers/books_controller.rb:16: syntax error, unexpected ',', expecting '}'
app/controllers/books_controller.rb:16: syntax error, unexpected tLABEL, expecting '='
app/controllers/books_controller.rb:19: syntax error, unexpected '}', expecting =>
Started GET "/books" for ::1 at 2019-11-15 11:59:13 +0900
  
SyntaxError (/Users/missingusers/Desktop/01授業資料/01テクノロジー/03藤原先生/fujiwara/learning-framework1/books_app/app/controllers/books_controller.rb:16: syntax error, unexpected ',', expecting '}'
...   format.json { render * show, status: :created, location: ...
...                              ^
/Users/missingusers/Desktop/01授業資料/01テクノロジー/03藤原先生/fujiwara/learning-framework1/books_app/app/controllers/books_controller.rb:19: syntax error, unexpected '}', expecting =>
... status::unprocessable_entity }
...                              ^):
  
app/controllers/books_controller.rb:16: syntax error, unexpected ',', expecting '}'
app/controllers/books_controller.rb:19: syntax error, unexpected '}', expecting =>
Started GET "/books" for ::1 at 2019-11-15 11:59:15 +0900
  
SyntaxError (/Users/missingusers/Desktop/01授業資料/01テクノロジー/03藤原先生/fujiwara/learning-framework1/books_app/app/controllers/books_controller.rb:16: syntax error, unexpected ',', expecting '}'
...   format.json { render * show, status: :created, location: ...
...                              ^
/Users/missingusers/Desktop/01授業資料/01テクノロジー/03藤原先生/fujiwara/learning-framework1/books_app/app/controllers/books_controller.rb:19: syntax error, unexpected '}', expecting =>
... status::unprocessable_entity }
...                              ^):
  
app/controllers/books_controller.rb:16: syntax error, unexpected ',', expecting '}'
app/controllers/books_controller.rb:19: syntax error, unexpected '}', expecting =>
Started GET "/books" for ::1 at 2019-11-15 12:00:14 +0900
  
SyntaxError (/Users/missingusers/Desktop/01授業資料/01テクノロジー/03藤原先生/fujiwara/learning-framework1/books_app/app/controllers/books_controller.rb:19: syntax error, unexpected '}', expecting =>
... status::unprocessable_entity }
...                              ^):
  
app/controllers/books_controller.rb:19: syntax error, unexpected '}', expecting =>
Started GET "/books" for ::1 at 2019-11-15 12:00:52 +0900
  
SyntaxError (/Users/missingusers/Desktop/01授業資料/01テクノロジー/03藤原先生/fujiwara/learning-framework1/books_app/app/controllers/books_controller.rb:22: syntax error, unexpected end-of-input, expecting end):
  
app/controllers/books_controller.rb:22: syntax error, unexpected end-of-input, expecting end
Started GET "/books" for ::1 at 2019-11-15 12:01:50 +0900
Processing by BooksController#index as HTML
  Rendering books/index.html.erb within layouts/application
  [1m[36mBook Load (0.7ms)[0m  [1m[34mSELECT "books".* FROM "books"[0m
  Rendered books/index.html.erb within layouts/application (9.4ms)
Completed 200 OK in 284ms (Views: 275.9ms | ActiveRecord: 1.6ms)


Started GET "/books/1" for ::1 at 2019-11-15 12:01:52 +0900
Processing by BooksController#show as HTML
  Parameters: {"id"=>"1"}
  Rendering books/show.html.erb within layouts/application
  Rendered books/show.html.erb within layouts/application (3.1ms)
Completed 500 Internal Server Error in 9ms (ActiveRecord: 0.0ms)


  
ActionView::Template::Error (undefined method `title' for nil:NilClass):
    2: 
    3: <p>
    4:   <strong>Title:</strong>
    5:   <%= @book.title %>
    6: </p>
    7: 
    8: <p>
  
app/views/books/show.html.erb:5:in `_app_views_books_show_html_erb___2086216662217727447_70171957808480'
Started GET "/books" for ::1 at 2019-11-15 12:04:56 +0900
Processing by BooksController#index as HTML
  Rendering books/index.html.erb within layouts/application
  [1m[36mBook Load (0.3ms)[0m  [1m[34mSELECT "books".* FROM "books"[0m
  Rendered books/index.html.erb within layouts/application (4.5ms)
Completed 200 OK in 42ms (Views: 39.2ms | ActiveRecord: 0.3ms)


Started GET "/books/1/edit" for ::1 at 2019-11-15 12:04:59 +0900
Processing by BooksController#edit as HTML
  Parameters: {"id"=>"1"}
  Rendering books/edit.html.erb within layouts/application
  Rendered books/_form.html.erb (2.5ms)
  Rendered books/edit.html.erb within layouts/application (4.2ms)
Completed 500 Internal Server Error in 11ms (ActiveRecord: 0.0ms)


  
ActionView::Template::Error (undefined method `errors' for nil:NilClass):
    1: <%= form_with(model: book, local: true) do |form| %>
    2:   <% if book.errors.any? %>
    3:     <div id="error_explanation">
    4:       <h2><%= pluralize(book.errors.count, "error") %> prohibited this book from being saved:</h2>
    5: 
  
app/views/books/_form.html.erb:2:in `block in _app_views_books__form_html_erb__731118561458332526_70171965739200'
app/views/books/_form.html.erb:1:in `_app_views_books__form_html_erb__731118561458332526_70171965739200'
app/views/books/edit.html.erb:3:in `_app_views_books_edit_html_erb__451291683754551242_70171921140300'
Started GET "/books" for ::1 at 2019-11-15 12:08:16 +0900
Processing by BooksController#index as HTML
  Rendering books/index.html.erb within layouts/application
  [1m[36mBook Load (0.5ms)[0m  [1m[34mSELECT "books".* FROM "books"[0m
  Rendered books/index.html.erb within layouts/application (2.0ms)
Completed 200 OK in 51ms (Views: 47.4ms | ActiveRecord: 0.5ms)


Started DELETE "/books/1" for ::1 at 2019-11-15 12:08:19 +0900
  
AbstractController::ActionNotFound (The action 'destroy' could not be found for BooksController):
  
actionpack (5.1.7) lib/abstract_controller/base.rb:119:in `process'
actionview (5.1.7) lib/action_view/rendering.rb:30:in `process'
actionpack (5.1.7) lib/action_controller/metal.rb:189:in `dispatch'
actionpack (5.1.7) lib/action_controller/metal.rb:253:in `dispatch'
actionpack (5.1.7) lib/action_dispatch/routing/route_set.rb:49:in `dispatch'
actionpack (5.1.7) lib/action_dispatch/routing/route_set.rb:31:in `serve'
actionpack (5.1.7) lib/action_dispatch/journey/router.rb:50:in `block in serve'
actionpack (5.1.7) lib/action_dispatch/journey/router.rb:33:in `each'
actionpack (5.1.7) lib/action_dispatch/journey/router.rb:33:in `serve'
actionpack (5.1.7) lib/action_dispatch/routing/route_set.rb:844:in `call'
rack (2.0.7) lib/rack/etag.rb:25:in `call'
rack (2.0.7) lib/rack/conditional_get.rb:38:in `call'
rack (2.0.7) lib/rack/head.rb:12:in `call'
rack (2.0.7) lib/rack/session/abstract/id.rb:232:in `context'
rack (2.0.7) lib/rack/session/abstract/id.rb:226:in `call'
actionpack (5.1.7) lib/action_dispatch/middleware/cookies.rb:613:in `call'
activerecord (5.1.7) lib/active_record/migration.rb:556:in `call'
actionpack (5.1.7) lib/action_dispatch/middleware/callbacks.rb:26:in `block in call'
activesupport (5.1.7) lib/active_support/callbacks.rb:97:in `run_callbacks'
actionpack (5.1.7) lib/action_dispatch/middleware/callbacks.rb:24:in `call'
actionpack (5.1.7) lib/action_dispatch/middleware/executor.rb:12:in `call'
actionpack (5.1.7) lib/action_dispatch/middleware/debug_exceptions.rb:59:in `call'
web-console (3.7.0) lib/web_console/middleware.rb:135:in `call_app'
web-console (3.7.0) lib/web_console/middleware.rb:30:in `block in call'
web-console (3.7.0) lib/web_console/middleware.rb:20:in `catch'
web-console (3.7.0) lib/web_console/middleware.rb:20:in `call'
actionpack (5.1.7) lib/action_dispatch/middleware/show_exceptions.rb:31:in `call'
railties (5.1.7) lib/rails/rack/logger.rb:36:in `call_app'
railties (5.1.7) lib/rails/rack/logger.rb:24:in `block in call'
activesupport (5.1.7) lib/active_support/tagged_logging.rb:69:in `block in tagged'
activesupport (5.1.7) lib/active_support/tagged_logging.rb:26:in `tagged'
activesupport (5.1.7) lib/active_support/tagged_logging.rb:69:in `tagged'
railties (5.1.7) lib/rails/rack/logger.rb:24:in `call'
sprockets-rails (3.2.1) lib/sprockets/rails/quiet_assets.rb:13:in `call'
actionpack (5.1.7) lib/action_dispatch/middleware/remote_ip.rb:79:in `call'
actionpack (5.1.7) lib/action_dispatch/middleware/request_id.rb:25:in `call'
rack (2.0.7) lib/rack/method_override.rb:22:in `call'
rack (2.0.7) lib/rack/runtime.rb:22:in `call'
activesupport (5.1.7) lib/active_support/cache/strategy/local_cache_middleware.rb:27:in `call'
actionpack (5.1.7) lib/action_dispatch/middleware/executor.rb:12:in `call'
actionpack (5.1.7) lib/action_dispatch/middleware/static.rb:125:in `call'
rack (2.0.7) lib/rack/sendfile.rb:111:in `call'
railties (5.1.7) lib/rails/engine.rb:522:in `call'
puma (3.12.1) lib/puma/configuration.rb:227:in `call'
puma (3.12.1) lib/puma/server.rb:660:in `handle_request'
puma (3.12.1) lib/puma/server.rb:474:in `process_client'
puma (3.12.1) lib/puma/server.rb:334:in `block in run'
puma (3.12.1) lib/puma/thread_pool.rb:135:in `block in spawn_thread'
Started GET "/books" for ::1 at 2019-11-15 12:24:29 +0900
Processing by BooksController#index as HTML
  Rendering books/index.html.erb within layouts/application
  [1m[36mBook Load (0.2ms)[0m  [1m[34mSELECT "books".* FROM "books"[0m
  Rendered books/index.html.erb within layouts/application (1.9ms)
Completed 200 OK in 82ms (Views: 78.9ms | ActiveRecord: 0.2ms)


Started GET "/books/1" for ::1 at 2019-11-15 12:24:51 +0900
Processing by BooksController#show as HTML
  Parameters: {"id"=>"1"}
  Rendering books/show.html.erb within layouts/application
  Rendered books/show.html.erb within layouts/application (2.7ms)
Completed 500 Internal Server Error in 9ms (ActiveRecord: 0.0ms)


  
ActionView::Template::Error (undefined method `title' for nil:NilClass):
    2: 
    3: <p>
    4:   <strong>Title:</strong>
    5:   <%= @book.title %>
    6: </p>
    7: 
    8: <p>
  
app/views/books/show.html.erb:5:in `_app_views_books_show_html_erb___2086216662217727447_70171929196780'
Started GET "/books/1" for ::1 at 2019-11-15 12:29:34 +0900
  [1m[35m (0.7ms)[0m  [1m[34mSELECT "schema_migrations"."version" FROM "schema_migrations" ORDER BY "schema_migrations"."version" ASC[0m
Processing by BooksController#show as HTML
  Parameters: {"id"=>"1"}
  Rendering books/show.html.erb within layouts/application
  Rendered books/show.html.erb within layouts/application (3.8ms)
Completed 500 Internal Server Error in 19ms (ActiveRecord: 0.0ms)


  
ActionView::Template::Error (undefined method `title' for nil:NilClass):
    2: 
    3: <p>
    4:   <strong>Title:</strong>
    5:   <%= @book.title %>
    6: </p>
    7: 
    8: <p>
  
app/views/books/show.html.erb:5:in `_app_views_books_show_html_erb___1051510140971648676_70316715563020'
Started GET "/books" for ::1 at 2019-11-15 12:29:37 +0900
Processing by BooksController#index as HTML
  Rendering books/index.html.erb within layouts/application
  [1m[36mBook Load (0.4ms)[0m  [1m[34mSELECT "books".* FROM "books"[0m
  Rendered books/index.html.erb within layouts/application (10.2ms)
Completed 200 OK in 243ms (Views: 236.0ms | ActiveRecord: 1.2ms)


Started GET "/books" for ::1 at 2019-11-15 12:29:39 +0900
Processing by BooksController#index as HTML
  Rendering books/index.html.erb within layouts/application
  [1m[36mBook Load (0.2ms)[0m  [1m[34mSELECT "books".* FROM "books"[0m
  Rendered books/index.html.erb within layouts/application (2.2ms)
Completed 200 OK in 22ms (Views: 20.6ms | ActiveRecord: 0.2ms)


Started GET "/books/1" for ::1 at 2019-11-15 12:29:41 +0900
Processing by BooksController#show as HTML
  Parameters: {"id"=>"1"}
  Rendering books/show.html.erb within layouts/application
  Rendered books/show.html.erb within layouts/application (3.0ms)
Completed 500 Internal Server Error in 16ms (ActiveRecord: 0.0ms)


  
ActionView::Template::Error (undefined method `title' for nil:NilClass):
    2: 
    3: <p>
    4:   <strong>Title:</strong>
    5:   <%= @book.title %>
    6: </p>
    7: 
    8: <p>
  
app/views/books/show.html.erb:5:in `_app_views_books_show_html_erb___1051510140971648676_70316719600920'
Started GET "/books" for ::1 at 2019-11-15 12:30:01 +0900
Processing by BooksController#index as HTML
  Rendering books/index.html.erb within layouts/application
  [1m[36mBook Load (0.3ms)[0m  [1m[34mSELECT "books".* FROM "books"[0m
  Rendered books/index.html.erb within layouts/application (2.0ms)
Completed 200 OK in 37ms (Views: 31.1ms | ActiveRecord: 0.3ms)


Started DELETE "/books/1" for ::1 at 2019-11-15 12:30:06 +0900
  
AbstractController::ActionNotFound (The action 'destroy' could not be found for BooksController):
  
actionpack (5.1.7) lib/abstract_controller/base.rb:119:in `process'
actionview (5.1.7) lib/action_view/rendering.rb:30:in `process'
actionpack (5.1.7) lib/action_controller/metal.rb:189:in `dispatch'
actionpack (5.1.7) lib/action_controller/metal.rb:253:in `dispatch'
actionpack (5.1.7) lib/action_dispatch/routing/route_set.rb:49:in `dispatch'
actionpack (5.1.7) lib/action_dispatch/routing/route_set.rb:31:in `serve'
actionpack (5.1.7) lib/action_dispatch/journey/router.rb:50:in `block in serve'
actionpack (5.1.7) lib/action_dispatch/journey/router.rb:33:in `each'
actionpack (5.1.7) lib/action_dispatch/journey/router.rb:33:in `serve'
actionpack (5.1.7) lib/action_dispatch/routing/route_set.rb:844:in `call'
rack (2.0.7) lib/rack/etag.rb:25:in `call'
rack (2.0.7) lib/rack/conditional_get.rb:38:in `call'
rack (2.0.7) lib/rack/head.rb:12:in `call'
rack (2.0.7) lib/rack/session/abstract/id.rb:232:in `context'
rack (2.0.7) lib/rack/session/abstract/id.rb:226:in `call'
actionpack (5.1.7) lib/action_dispatch/middleware/cookies.rb:613:in `call'
activerecord (5.1.7) lib/active_record/migration.rb:556:in `call'
actionpack (5.1.7) lib/action_dispatch/middleware/callbacks.rb:26:in `block in call'
activesupport (5.1.7) lib/active_support/callbacks.rb:97:in `run_callbacks'
actionpack (5.1.7) lib/action_dispatch/middleware/callbacks.rb:24:in `call'
actionpack (5.1.7) lib/action_dispatch/middleware/executor.rb:12:in `call'
actionpack (5.1.7) lib/action_dispatch/middleware/debug_exceptions.rb:59:in `call'
web-console (3.7.0) lib/web_console/middleware.rb:135:in `call_app'
web-console (3.7.0) lib/web_console/middleware.rb:30:in `block in call'
web-console (3.7.0) lib/web_console/middleware.rb:20:in `catch'
web-console (3.7.0) lib/web_console/middleware.rb:20:in `call'
actionpack (5.1.7) lib/action_dispatch/middleware/show_exceptions.rb:31:in `call'
railties (5.1.7) lib/rails/rack/logger.rb:36:in `call_app'
railties (5.1.7) lib/rails/rack/logger.rb:24:in `block in call'
activesupport (5.1.7) lib/active_support/tagged_logging.rb:69:in `block in tagged'
activesupport (5.1.7) lib/active_support/tagged_logging.rb:26:in `tagged'
activesupport (5.1.7) lib/active_support/tagged_logging.rb:69:in `tagged'
railties (5.1.7) lib/rails/rack/logger.rb:24:in `call'
sprockets-rails (3.2.1) lib/sprockets/rails/quiet_assets.rb:13:in `call'
actionpack (5.1.7) lib/action_dispatch/middleware/remote_ip.rb:79:in `call'
actionpack (5.1.7) lib/action_dispatch/middleware/request_id.rb:25:in `call'
rack (2.0.7) lib/rack/method_override.rb:22:in `call'
rack (2.0.7) lib/rack/runtime.rb:22:in `call'
activesupport (5.1.7) lib/active_support/cache/strategy/local_cache_middleware.rb:27:in `call'
actionpack (5.1.7) lib/action_dispatch/middleware/executor.rb:12:in `call'
actionpack (5.1.7) lib/action_dispatch/middleware/static.rb:125:in `call'
rack (2.0.7) lib/rack/sendfile.rb:111:in `call'
railties (5.1.7) lib/rails/engine.rb:522:in `call'
puma (3.12.1) lib/puma/configuration.rb:227:in `call'
puma (3.12.1) lib/puma/server.rb:660:in `handle_request'
puma (3.12.1) lib/puma/server.rb:474:in `process_client'
puma (3.12.1) lib/puma/server.rb:334:in `block in run'
puma (3.12.1) lib/puma/thread_pool.rb:135:in `block in spawn_thread'
Started GET "/books/1/edit" for ::1 at 2019-11-15 12:30:20 +0900
Processing by BooksController#edit as HTML
  Parameters: {"id"=>"1"}
  Rendering books/edit.html.erb within layouts/application
  Rendered books/_form.html.erb (3.9ms)
  Rendered books/edit.html.erb within layouts/application (5.7ms)
Completed 500 Internal Server Error in 11ms (ActiveRecord: 0.0ms)


  
ActionView::Template::Error (undefined method `errors' for nil:NilClass):
    1: <%= form_with(model: book, local: true) do |form| %>
    2:   <% if book.errors.any? %>
    3:     <div id="error_explanation">
    4:       <h2><%= pluralize(book.errors.count, "error") %> prohibited this book from being saved:</h2>
    5:       <ul>
  
app/views/books/_form.html.erb:2:in `block in _app_views_books__form_html_erb__4241628826582298427_70316718973500'
app/views/books/_form.html.erb:1:in `_app_views_books__form_html_erb__4241628826582298427_70316718973500'
app/views/books/edit.html.erb:3:in `_app_views_books_edit_html_erb___399868471766677914_70316718911400'
Started GET "/books" for ::1 at 2019-11-15 12:31:24 +0900
  [1m[35m (0.7ms)[0m  [1m[34mSELECT "schema_migrations"."version" FROM "schema_migrations" ORDER BY "schema_migrations"."version" ASC[0m
Processing by BooksController#index as HTML
  Rendering books/index.html.erb within layouts/application
  [1m[36mBook Load (0.2ms)[0m  [1m[34mSELECT "books".* FROM "books"[0m
  Rendered books/index.html.erb within layouts/application (10.2ms)
Completed 200 OK in 237ms (Views: 224.4ms | ActiveRecord: 0.7ms)


Started GET "/books" for ::1 at 2019-11-15 12:31:26 +0900
Processing by BooksController#index as HTML
  Rendering books/index.html.erb within layouts/application
  [1m[36mBook Load (0.1ms)[0m  [1m[34mSELECT "books".* FROM "books"[0m
  Rendered books/index.html.erb within layouts/application (2.9ms)
Completed 200 OK in 27ms (Views: 23.7ms | ActiveRecord: 0.4ms)


Started GET "/books" for ::1 at 2019-11-15 12:31:27 +0900
Processing by BooksController#index as HTML
  Rendering books/index.html.erb within layouts/application
  [1m[36mBook Load (0.2ms)[0m  [1m[34mSELECT "books".* FROM "books"[0m
  Rendered books/index.html.erb within layouts/application (2.0ms)
Completed 200 OK in 37ms (Views: 31.4ms | ActiveRecord: 0.2ms)


Started GET "/books/1" for ::1 at 2019-11-15 12:31:29 +0900
Processing by BooksController#show as HTML
  Parameters: {"id"=>"1"}
  Rendering books/show.html.erb within layouts/application
  Rendered books/show.html.erb within layouts/application (6.8ms)
Completed 500 Internal Server Error in 20ms (ActiveRecord: 0.0ms)


  
ActionView::Template::Error (undefined method `title' for nil:NilClass):
    2: 
    3: <p>
    4:   <strong>Title:</strong>
    5:   <%= @book.title %>
    6: </p>
    7: 
    8: <p>
  
app/views/books/show.html.erb:5:in `_app_views_books_show_html_erb__3956220413086720332_70240715424820'
Started GET "/books/1" for ::1 at 2019-11-15 12:31:30 +0900
Processing by BooksController#show as HTML
  Parameters: {"id"=>"1"}
  Rendering books/show.html.erb within layouts/application
  Rendered books/show.html.erb within layouts/application (4.0ms)
Completed 500 Internal Server Error in 15ms (ActiveRecord: 0.0ms)


  
ActionView::Template::Error (undefined method `title' for nil:NilClass):
    2: 
    3: <p>
    4:   <strong>Title:</strong>
    5:   <%= @book.title %>
    6: </p>
    7: 
    8: <p>
  
app/views/books/show.html.erb:5:in `_app_views_books_show_html_erb__3956220413086720332_70240727051060'
Started GET "/rails/info/routes" for ::1 at 2019-11-15 12:34:19 +0900
Processing by Rails::InfoController#routes as HTML
  Rendering /Users/missingusers/.rbenv/versions/2.6.3/lib/ruby/gems/2.6.0/gems/railties-5.1.7/lib/rails/templates/rails/info/routes.html.erb within layouts/application
  Rendered collection of /Users/missingusers/.rbenv/versions/2.6.3/lib/ruby/gems/2.6.0/gems/actionpack-5.1.7/lib/action_dispatch/middleware/templates/routes/_route.html.erb [8 times] (15.3ms)
  Rendered /Users/missingusers/.rbenv/versions/2.6.3/lib/ruby/gems/2.6.0/gems/actionpack-5.1.7/lib/action_dispatch/middleware/templates/routes/_table.html.erb (14.7ms)
  Rendered /Users/missingusers/.rbenv/versions/2.6.3/lib/ruby/gems/2.6.0/gems/railties-5.1.7/lib/rails/templates/rails/info/routes.html.erb within layouts/application (35.2ms)
Completed 200 OK in 45ms (Views: 39.1ms | ActiveRecord: 0.0ms)


Started GET "/rails/info/routes" for ::1 at 2019-11-15 12:38:32 +0900
Processing by Rails::InfoController#routes as HTML
  Rendering /Users/missingusers/.rbenv/versions/2.6.3/lib/ruby/gems/2.6.0/gems/railties-5.1.7/lib/rails/templates/rails/info/routes.html.erb within layouts/application
  Rendered collection of /Users/missingusers/.rbenv/versions/2.6.3/lib/ruby/gems/2.6.0/gems/actionpack-5.1.7/lib/action_dispatch/middleware/templates/routes/_route.html.erb [8 times] (3.1ms)
  Rendered /Users/missingusers/.rbenv/versions/2.6.3/lib/ruby/gems/2.6.0/gems/actionpack-5.1.7/lib/action_dispatch/middleware/templates/routes/_table.html.erb (1.0ms)
  Rendered /Users/missingusers/.rbenv/versions/2.6.3/lib/ruby/gems/2.6.0/gems/railties-5.1.7/lib/rails/templates/rails/info/routes.html.erb within layouts/application (7.6ms)
Completed 200 OK in 14ms (Views: 11.9ms | ActiveRecord: 0.0ms)


Started GET "/" for ::1 at 2019-11-15 12:38:36 +0900
Processing by Rails::WelcomeController#index as HTML
  Rendering /Users/missingusers/.rbenv/versions/2.6.3/lib/ruby/gems/2.6.0/gems/railties-5.1.7/lib/rails/templates/rails/welcome/index.html.erb
  Rendered /Users/missingusers/.rbenv/versions/2.6.3/lib/ruby/gems/2.6.0/gems/railties-5.1.7/lib/rails/templates/rails/welcome/index.html.erb (3.9ms)
Completed 200 OK in 16ms (Views: 7.3ms | ActiveRecord: 0.0ms)


Started GET "/books" for ::1 at 2019-11-15 12:38:42 +0900
Processing by BooksController#index as HTML
  Rendering books/index.html.erb within layouts/application
  [1m[36mBook Load (0.5ms)[0m  [1m[34mSELECT "books".* FROM "books"[0m
  Rendered books/index.html.erb within layouts/application (5.3ms)
Completed 200 OK in 32ms (Views: 29.0ms | ActiveRecord: 0.5ms)


Started GET "/books/1" for ::1 at 2019-11-15 12:38:45 +0900
Processing by BooksController#show as HTML
  Parameters: {"id"=>"1"}
  Rendering books/show.html.erb within layouts/application
  Rendered books/show.html.erb within layouts/application (6.8ms)
Completed 500 Internal Server Error in 15ms (ActiveRecord: 0.0ms)


  
ActionView::Template::Error (undefined method `title' for nil:NilClass):
    2: 
    3: <p>
    4:   <strong>Title:</strong>
    5:   <%= @book.title %>
    6: </p>
    7: 
    8: <p>
  
app/views/books/show.html.erb:5:in `_app_views_books_show_html_erb__3956220413086720332_70240751735720'
Started GET "/books/1" for ::1 at 2019-11-15 12:39:09 +0900
  [1m[35m (1.0ms)[0m  [1m[34mSELECT "schema_migrations"."version" FROM "schema_migrations" ORDER BY "schema_migrations"."version" ASC[0m
Processing by BooksController#show as HTML
  Parameters: {"id"=>"1"}
Completed 500 Internal Server Error in 49ms (ActiveRecord: 0.0ms)


  
NoMethodError (undefined method `set_book' for #<BooksController:0x00007fe167832d40>):
  
activesupport (5.1.7) lib/active_support/callbacks.rb:413:in `block in make_lambda'
activesupport (5.1.7) lib/active_support/callbacks.rb:178:in `block (2 levels) in halting_and_conditional'
actionpack (5.1.7) lib/abstract_controller/callbacks.rb:12:in `block (2 levels) in <module:Callbacks>'
activesupport (5.1.7) lib/active_support/callbacks.rb:179:in `block in halting_and_conditional'
activesupport (5.1.7) lib/active_support/callbacks.rb:507:in `block in invoke_before'
activesupport (5.1.7) lib/active_support/callbacks.rb:507:in `each'
activesupport (5.1.7) lib/active_support/callbacks.rb:507:in `invoke_before'
activesupport (5.1.7) lib/active_support/callbacks.rb:130:in `run_callbacks'
actionpack (5.1.7) lib/abstract_controller/callbacks.rb:19:in `process_action'
actionpack (5.1.7) lib/action_controller/metal/rescue.rb:20:in `process_action'
actionpack (5.1.7) lib/action_controller/metal/instrumentation.rb:32:in `block in process_action'
activesupport (5.1.7) lib/active_support/notifications.rb:166:in `block in instrument'
activesupport (5.1.7) lib/active_support/notifications/instrumenter.rb:21:in `instrument'
activesupport (5.1.7) lib/active_support/notifications.rb:166:in `instrument'
actionpack (5.1.7) lib/action_controller/metal/instrumentation.rb:30:in `process_action'
actionpack (5.1.7) lib/action_controller/metal/params_wrapper.rb:252:in `process_action'
activerecord (5.1.7) lib/active_record/railties/controller_runtime.rb:22:in `process_action'
actionpack (5.1.7) lib/abstract_controller/base.rb:124:in `process'
actionview (5.1.7) lib/action_view/rendering.rb:30:in `process'
actionpack (5.1.7) lib/action_controller/metal.rb:189:in `dispatch'
actionpack (5.1.7) lib/action_controller/metal.rb:253:in `dispatch'
actionpack (5.1.7) lib/action_dispatch/routing/route_set.rb:49:in `dispatch'
actionpack (5.1.7) lib/action_dispatch/routing/route_set.rb:31:in `serve'
actionpack (5.1.7) lib/action_dispatch/journey/router.rb:50:in `block in serve'
actionpack (5.1.7) lib/action_dispatch/journey/router.rb:33:in `each'
actionpack (5.1.7) lib/action_dispatch/journey/router.rb:33:in `serve'
actionpack (5.1.7) lib/action_dispatch/routing/route_set.rb:844:in `call'
rack (2.0.7) lib/rack/etag.rb:25:in `call'
rack (2.0.7) lib/rack/conditional_get.rb:25:in `call'
rack (2.0.7) lib/rack/head.rb:12:in `call'
rack (2.0.7) lib/rack/session/abstract/id.rb:232:in `context'
rack (2.0.7) lib/rack/session/abstract/id.rb:226:in `call'
actionpack (5.1.7) lib/action_dispatch/middleware/cookies.rb:613:in `call'
activerecord (5.1.7) lib/active_record/migration.rb:556:in `call'
actionpack (5.1.7) lib/action_dispatch/middleware/callbacks.rb:26:in `block in call'
activesupport (5.1.7) lib/active_support/callbacks.rb:97:in `run_callbacks'
actionpack (5.1.7) lib/action_dispatch/middleware/callbacks.rb:24:in `call'
actionpack (5.1.7) lib/action_dispatch/middleware/executor.rb:12:in `call'
actionpack (5.1.7) lib/action_dispatch/middleware/debug_exceptions.rb:59:in `call'
web-console (3.7.0) lib/web_console/middleware.rb:135:in `call_app'
web-console (3.7.0) lib/web_console/middleware.rb:30:in `block in call'
web-console (3.7.0) lib/web_console/middleware.rb:20:in `catch'
web-console (3.7.0) lib/web_console/middleware.rb:20:in `call'
actionpack (5.1.7) lib/action_dispatch/middleware/show_exceptions.rb:31:in `call'
railties (5.1.7) lib/rails/rack/logger.rb:36:in `call_app'
railties (5.1.7) lib/rails/rack/logger.rb:24:in `block in call'
activesupport (5.1.7) lib/active_support/tagged_logging.rb:69:in `block in tagged'
activesupport (5.1.7) lib/active_support/tagged_logging.rb:26:in `tagged'
activesupport (5.1.7) lib/active_support/tagged_logging.rb:69:in `tagged'
railties (5.1.7) lib/rails/rack/logger.rb:24:in `call'
sprockets-rails (3.2.1) lib/sprockets/rails/quiet_assets.rb:13:in `call'
actionpack (5.1.7) lib/action_dispatch/middleware/remote_ip.rb:79:in `call'
actionpack (5.1.7) lib/action_dispatch/middleware/request_id.rb:25:in `call'
rack (2.0.7) lib/rack/method_override.rb:22:in `call'
rack (2.0.7) lib/rack/runtime.rb:22:in `call'
activesupport (5.1.7) lib/active_support/cache/strategy/local_cache_middleware.rb:27:in `call'
actionpack (5.1.7) lib/action_dispatch/middleware/executor.rb:12:in `call'
actionpack (5.1.7) lib/action_dispatch/middleware/static.rb:125:in `call'
rack (2.0.7) lib/rack/sendfile.rb:111:in `call'
railties (5.1.7) lib/rails/engine.rb:522:in `call'
puma (3.12.1) lib/puma/configuration.rb:227:in `call'
puma (3.12.1) lib/puma/server.rb:660:in `handle_request'
puma (3.12.1) lib/puma/server.rb:474:in `process_client'
puma (3.12.1) lib/puma/server.rb:334:in `block in run'
puma (3.12.1) lib/puma/thread_pool.rb:135:in `block in spawn_thread'
Started GET "/books/1" for ::1 at 2019-11-15 12:44:20 +0900
  [1m[35m (0.1ms)[0m  [1m[34mSELECT "schema_migrations"."version" FROM "schema_migrations" ORDER BY "schema_migrations"."version" ASC[0m
  
ActionController::RoutingError (undefined method `before_filter' for BooksController:Class
Did you mean?  before_action):
  
app/controllers/books_controller.rb:2:in `<class:BooksController>'
app/controllers/books_controller.rb:1:in `<top (required)>'
Started GET "/books/1" for ::1 at 2019-11-15 12:44:30 +0900
Processing by BooksController#show as HTML
  Parameters: {"id"=>"1"}
Completed 500 Internal Server Error in 55ms (ActiveRecord: 0.0ms)


  
NoMethodError (undefined method `set_book' for #<BooksController:0x00007f9bb8a28478>):
  
activesupport (5.1.7) lib/active_support/callbacks.rb:413:in `block in make_lambda'
activesupport (5.1.7) lib/active_support/callbacks.rb:178:in `block (2 levels) in halting_and_conditional'
actionpack (5.1.7) lib/abstract_controller/callbacks.rb:12:in `block (2 levels) in <module:Callbacks>'
activesupport (5.1.7) lib/active_support/callbacks.rb:179:in `block in halting_and_conditional'
activesupport (5.1.7) lib/active_support/callbacks.rb:507:in `block in invoke_before'
activesupport (5.1.7) lib/active_support/callbacks.rb:507:in `each'
activesupport (5.1.7) lib/active_support/callbacks.rb:507:in `invoke_before'
activesupport (5.1.7) lib/active_support/callbacks.rb:130:in `run_callbacks'
actionpack (5.1.7) lib/abstract_controller/callbacks.rb:19:in `process_action'
actionpack (5.1.7) lib/action_controller/metal/rescue.rb:20:in `process_action'
actionpack (5.1.7) lib/action_controller/metal/instrumentation.rb:32:in `block in process_action'
activesupport (5.1.7) lib/active_support/notifications.rb:166:in `block in instrument'
activesupport (5.1.7) lib/active_support/notifications/instrumenter.rb:21:in `instrument'
activesupport (5.1.7) lib/active_support/notifications.rb:166:in `instrument'
actionpack (5.1.7) lib/action_controller/metal/instrumentation.rb:30:in `process_action'
actionpack (5.1.7) lib/action_controller/metal/params_wrapper.rb:252:in `process_action'
activerecord (5.1.7) lib/active_record/railties/controller_runtime.rb:22:in `process_action'
actionpack (5.1.7) lib/abstract_controller/base.rb:124:in `process'
actionview (5.1.7) lib/action_view/rendering.rb:30:in `process'
actionpack (5.1.7) lib/action_controller/metal.rb:189:in `dispatch'
actionpack (5.1.7) lib/action_controller/metal.rb:253:in `dispatch'
actionpack (5.1.7) lib/action_dispatch/routing/route_set.rb:49:in `dispatch'
actionpack (5.1.7) lib/action_dispatch/routing/route_set.rb:31:in `serve'
actionpack (5.1.7) lib/action_dispatch/journey/router.rb:50:in `block in serve'
actionpack (5.1.7) lib/action_dispatch/journey/router.rb:33:in `each'
actionpack (5.1.7) lib/action_dispatch/journey/router.rb:33:in `serve'
actionpack (5.1.7) lib/action_dispatch/routing/route_set.rb:844:in `call'
rack (2.0.7) lib/rack/etag.rb:25:in `call'
rack (2.0.7) lib/rack/conditional_get.rb:25:in `call'
rack (2.0.7) lib/rack/head.rb:12:in `call'
rack (2.0.7) lib/rack/session/abstract/id.rb:232:in `context'
rack (2.0.7) lib/rack/session/abstract/id.rb:226:in `call'
actionpack (5.1.7) lib/action_dispatch/middleware/cookies.rb:613:in `call'
activerecord (5.1.7) lib/active_record/migration.rb:556:in `call'
actionpack (5.1.7) lib/action_dispatch/middleware/callbacks.rb:26:in `block in call'
activesupport (5.1.7) lib/active_support/callbacks.rb:97:in `run_callbacks'
actionpack (5.1.7) lib/action_dispatch/middleware/callbacks.rb:24:in `call'
actionpack (5.1.7) lib/action_dispatch/middleware/executor.rb:12:in `call'
actionpack (5.1.7) lib/action_dispatch/middleware/debug_exceptions.rb:59:in `call'
web-console (3.7.0) lib/web_console/middleware.rb:135:in `call_app'
web-console (3.7.0) lib/web_console/middleware.rb:30:in `block in call'
web-console (3.7.0) lib/web_console/middleware.rb:20:in `catch'
web-console (3.7.0) lib/web_console/middleware.rb:20:in `call'
actionpack (5.1.7) lib/action_dispatch/middleware/show_exceptions.rb:31:in `call'
railties (5.1.7) lib/rails/rack/logger.rb:36:in `call_app'
railties (5.1.7) lib/rails/rack/logger.rb:24:in `block in call'
activesupport (5.1.7) lib/active_support/tagged_logging.rb:69:in `block in tagged'
activesupport (5.1.7) lib/active_support/tagged_logging.rb:26:in `tagged'
activesupport (5.1.7) lib/active_support/tagged_logging.rb:69:in `tagged'
railties (5.1.7) lib/rails/rack/logger.rb:24:in `call'
sprockets-rails (3.2.1) lib/sprockets/rails/quiet_assets.rb:13:in `call'
actionpack (5.1.7) lib/action_dispatch/middleware/remote_ip.rb:79:in `call'
actionpack (5.1.7) lib/action_dispatch/middleware/request_id.rb:25:in `call'
rack (2.0.7) lib/rack/method_override.rb:22:in `call'
rack (2.0.7) lib/rack/runtime.rb:22:in `call'
activesupport (5.1.7) lib/active_support/cache/strategy/local_cache_middleware.rb:27:in `call'
actionpack (5.1.7) lib/action_dispatch/middleware/executor.rb:12:in `call'
actionpack (5.1.7) lib/action_dispatch/middleware/static.rb:125:in `call'
rack (2.0.7) lib/rack/sendfile.rb:111:in `call'
railties (5.1.7) lib/rails/engine.rb:522:in `call'
puma (3.12.1) lib/puma/configuration.rb:227:in `call'
puma (3.12.1) lib/puma/server.rb:660:in `handle_request'
puma (3.12.1) lib/puma/server.rb:474:in `process_client'
puma (3.12.1) lib/puma/server.rb:334:in `block in run'
puma (3.12.1) lib/puma/thread_pool.rb:135:in `block in spawn_thread'
Started GET "/books/" for ::1 at 2019-11-15 12:49:08 +0900
Processing by BooksController#index as HTML
  Rendering books/index.html.erb within layouts/application
  [1m[36mBook Load (0.2ms)[0m  [1m[34mSELECT "books".* FROM "books"[0m
  Rendered books/index.html.erb within layouts/application (43.3ms)
Completed 200 OK in 296ms (Views: 285.7ms | ActiveRecord: 1.3ms)


Started GET "/books/1" for ::1 at 2019-11-15 12:49:10 +0900
Processing by BooksController#show as HTML
  Parameters: {"id"=>"1"}
Completed 500 Internal Server Error in 63ms (ActiveRecord: 0.0ms)


  
NoMethodError (undefined method `set_book' for #<BooksController:0x00007f9bb92099f8>):
  
activesupport (5.1.7) lib/active_support/callbacks.rb:413:in `block in make_lambda'
activesupport (5.1.7) lib/active_support/callbacks.rb:178:in `block (2 levels) in halting_and_conditional'
actionpack (5.1.7) lib/abstract_controller/callbacks.rb:12:in `block (2 levels) in <module:Callbacks>'
activesupport (5.1.7) lib/active_support/callbacks.rb:179:in `block in halting_and_conditional'
activesupport (5.1.7) lib/active_support/callbacks.rb:507:in `block in invoke_before'
activesupport (5.1.7) lib/active_support/callbacks.rb:507:in `each'
activesupport (5.1.7) lib/active_support/callbacks.rb:507:in `invoke_before'
activesupport (5.1.7) lib/active_support/callbacks.rb:130:in `run_callbacks'
actionpack (5.1.7) lib/abstract_controller/callbacks.rb:19:in `process_action'
actionpack (5.1.7) lib/action_controller/metal/rescue.rb:20:in `process_action'
actionpack (5.1.7) lib/action_controller/metal/instrumentation.rb:32:in `block in process_action'
activesupport (5.1.7) lib/active_support/notifications.rb:166:in `block in instrument'
activesupport (5.1.7) lib/active_support/notifications/instrumenter.rb:21:in `instrument'
activesupport (5.1.7) lib/active_support/notifications.rb:166:in `instrument'
actionpack (5.1.7) lib/action_controller/metal/instrumentation.rb:30:in `process_action'
actionpack (5.1.7) lib/action_controller/metal/params_wrapper.rb:252:in `process_action'
activerecord (5.1.7) lib/active_record/railties/controller_runtime.rb:22:in `process_action'
actionpack (5.1.7) lib/abstract_controller/base.rb:124:in `process'
actionview (5.1.7) lib/action_view/rendering.rb:30:in `process'
actionpack (5.1.7) lib/action_controller/metal.rb:189:in `dispatch'
actionpack (5.1.7) lib/action_controller/metal.rb:253:in `dispatch'
actionpack (5.1.7) lib/action_dispatch/routing/route_set.rb:49:in `dispatch'
actionpack (5.1.7) lib/action_dispatch/routing/route_set.rb:31:in `serve'
actionpack (5.1.7) lib/action_dispatch/journey/router.rb:50:in `block in serve'
actionpack (5.1.7) lib/action_dispatch/journey/router.rb:33:in `each'
actionpack (5.1.7) lib/action_dispatch/journey/router.rb:33:in `serve'
actionpack (5.1.7) lib/action_dispatch/routing/route_set.rb:844:in `call'
rack (2.0.7) lib/rack/etag.rb:25:in `call'
rack (2.0.7) lib/rack/conditional_get.rb:25:in `call'
rack (2.0.7) lib/rack/head.rb:12:in `call'
rack (2.0.7) lib/rack/session/abstract/id.rb:232:in `context'
rack (2.0.7) lib/rack/session/abstract/id.rb:226:in `call'
actionpack (5.1.7) lib/action_dispatch/middleware/cookies.rb:613:in `call'
activerecord (5.1.7) lib/active_record/migration.rb:556:in `call'
actionpack (5.1.7) lib/action_dispatch/middleware/callbacks.rb:26:in `block in call'
activesupport (5.1.7) lib/active_support/callbacks.rb:97:in `run_callbacks'
actionpack (5.1.7) lib/action_dispatch/middleware/callbacks.rb:24:in `call'
actionpack (5.1.7) lib/action_dispatch/middleware/executor.rb:12:in `call'
actionpack (5.1.7) lib/action_dispatch/middleware/debug_exceptions.rb:59:in `call'
web-console (3.7.0) lib/web_console/middleware.rb:135:in `call_app'
web-console (3.7.0) lib/web_console/middleware.rb:30:in `block in call'
web-console (3.7.0) lib/web_console/middleware.rb:20:in `catch'
web-console (3.7.0) lib/web_console/middleware.rb:20:in `call'
actionpack (5.1.7) lib/action_dispatch/middleware/show_exceptions.rb:31:in `call'
railties (5.1.7) lib/rails/rack/logger.rb:36:in `call_app'
railties (5.1.7) lib/rails/rack/logger.rb:24:in `block in call'
activesupport (5.1.7) lib/active_support/tagged_logging.rb:69:in `block in tagged'
activesupport (5.1.7) lib/active_support/tagged_logging.rb:26:in `tagged'
activesupport (5.1.7) lib/active_support/tagged_logging.rb:69:in `tagged'
railties (5.1.7) lib/rails/rack/logger.rb:24:in `call'
sprockets-rails (3.2.1) lib/sprockets/rails/quiet_assets.rb:13:in `call'
actionpack (5.1.7) lib/action_dispatch/middleware/remote_ip.rb:79:in `call'
actionpack (5.1.7) lib/action_dispatch/middleware/request_id.rb:25:in `call'
rack (2.0.7) lib/rack/method_override.rb:22:in `call'
rack (2.0.7) lib/rack/runtime.rb:22:in `call'
activesupport (5.1.7) lib/active_support/cache/strategy/local_cache_middleware.rb:27:in `call'
actionpack (5.1.7) lib/action_dispatch/middleware/executor.rb:12:in `call'
actionpack (5.1.7) lib/action_dispatch/middleware/static.rb:125:in `call'
rack (2.0.7) lib/rack/sendfile.rb:111:in `call'
railties (5.1.7) lib/rails/engine.rb:522:in `call'
puma (3.12.1) lib/puma/configuration.rb:227:in `call'
puma (3.12.1) lib/puma/server.rb:660:in `handle_request'
puma (3.12.1) lib/puma/server.rb:474:in `process_client'
puma (3.12.1) lib/puma/server.rb:334:in `block in run'
puma (3.12.1) lib/puma/thread_pool.rb:135:in `block in spawn_thread'
Started GET "/books/" for ::1 at 2019-11-15 12:49:44 +0900
  [1m[35m (0.2ms)[0m  [1m[34mSELECT "schema_migrations"."version" FROM "schema_migrations" ORDER BY "schema_migrations"."version" ASC[0m
Processing by BooksController#index as HTML
  Rendering books/index.html.erb within layouts/application
  [1m[36mBook Load (0.2ms)[0m  [1m[34mSELECT "books".* FROM "books"[0m
  Rendered books/index.html.erb within layouts/application (9.2ms)
Completed 200 OK in 229ms (Views: 218.9ms | ActiveRecord: 0.8ms)


Started GET "/books/1" for ::1 at 2019-11-15 12:49:46 +0900
Processing by BooksController#show as HTML
  Parameters: {"id"=>"1"}
  [1m[36mBook Load (0.5ms)[0m  [1m[34mSELECT  "books".* FROM "books" WHERE "books"."id" = ? LIMIT ?[0m  [["id", 1], ["LIMIT", 1]]
  Rendering books/show.html.erb within layouts/application
  Rendered books/show.html.erb within layouts/application (1.9ms)
Completed 200 OK in 40ms (Views: 28.0ms | ActiveRecord: 0.7ms)


Started GET "/books" for ::1 at 2019-11-15 12:49:48 +0900
Processing by BooksController#index as HTML
  Rendering books/index.html.erb within layouts/application
  [1m[36mBook Load (0.2ms)[0m  [1m[34mSELECT "books".* FROM "books"[0m
  Rendered books/index.html.erb within layouts/application (2.5ms)
Completed 200 OK in 39ms (Views: 32.2ms | ActiveRecord: 0.2ms)


Started GET "/books/1/edit" for ::1 at 2019-11-15 12:49:49 +0900
Processing by BooksController#edit as HTML
  Parameters: {"id"=>"1"}
  [1m[36mBook Load (0.2ms)[0m  [1m[34mSELECT  "books".* FROM "books" WHERE "books"."id" = ? LIMIT ?[0m  [["id", 1], ["LIMIT", 1]]
  Rendering books/edit.html.erb within layouts/application
  Rendered books/_form.html.erb (24.2ms)
  Rendered books/edit.html.erb within layouts/application (27.5ms)
Completed 200 OK in 52ms (Views: 46.6ms | ActiveRecord: 0.2ms)


Started GET "/books" for ::1 at 2019-11-15 12:49:51 +0900
Processing by BooksController#index as HTML
  Rendering books/index.html.erb within layouts/application
  [1m[36mBook Load (1.6ms)[0m  [1m[34mSELECT "books".* FROM "books"[0m
  Rendered books/index.html.erb within layouts/application (6.5ms)
Completed 200 OK in 46ms (Views: 39.8ms | ActiveRecord: 1.6ms)


Started DELETE "/books/1" for ::1 at 2019-11-15 12:49:52 +0900
Processing by BooksController#destroy as HTML
  Parameters: {"authenticity_token"=>"sAwyzC3viF5rA8WhX2owO8PCFHqSSQ6MZ8KAeoiM8te45+WylqWxctlw53ZyjLkwy8kxty7sFPD1yle+ZDCBbw==", "id"=>"1"}
  [1m[36mBook Load (0.5ms)[0m  [1m[34mSELECT  "books".* FROM "books" WHERE "books"."id" = ? LIMIT ?[0m  [["id", 1], ["LIMIT", 1]]
  [1m[35m (0.1ms)[0m  [1m[36mbegin transaction[0m
  [1m[35mSQL (0.6ms)[0m  [1m[31mDELETE FROM "books" WHERE "books"."id" = ?[0m  [["id", 1]]
  [1m[35m (1.8ms)[0m  [1m[36mcommit transaction[0m
Redirected to http://localhost:3000/books
Completed 302 Found in 8ms (ActiveRecord: 3.1ms)


Started GET "/books" for ::1 at 2019-11-15 12:49:52 +0900
Processing by BooksController#index as HTML
  Rendering books/index.html.erb within layouts/application
  [1m[36mBook Load (0.2ms)[0m  [1m[34mSELECT "books".* FROM "books"[0m
  Rendered books/index.html.erb within layouts/application (1.1ms)
Completed 200 OK in 21ms (Views: 18.5ms | ActiveRecord: 0.2ms)


Started GET "/books/new" for ::1 at 2019-11-15 12:50:01 +0900
Processing by BooksController#new as HTML
  Rendering books/new.html.erb within layouts/application
  Rendered books/_form.html.erb (4.7ms)
  Rendered books/new.html.erb within layouts/application (6.8ms)
Completed 200 OK in 47ms (Views: 41.5ms | ActiveRecord: 0.0ms)


Started POST "/books" for ::1 at 2019-11-15 12:50:16 +0900
Processing by BooksController#create as HTML
  Parameters: {"utf8"=>"✓", "authenticity_token"=>"h0La95brcY3VhDy0qMVkPPcaA/uZ9zGHe6a8WZNp0G+xgDQEVFUBzyU/ZgCJw5nntlt+hvAtmWoOObNLMn4qlg==", "book"=>{"title"=>"asdf", "memo"=>"asdfs", "author"=>"asdf", "picture"=>#<ActionDispatch::Http::UploadedFile:0x00007fcb732e6a08 @tempfile=#<Tempfile:/var/folders/km/89k8ky8j469065fkkcf5_k8m0000gn/T/RackMultipart20191115-6292-2e302v.jpg>, @original_filename="34049963883_bd327da71a_b.jpg", @content_type="image/jpeg", @headers="Content-Disposition: form-data; name=\"book[picture]\"; filename=\"34049963883_bd327da71a_b.jpg\"\r\nContent-Type: image/jpeg\r\n">}, "commit"=>"Create Book"}
  [1m[35m (0.1ms)[0m  [1m[36mbegin transaction[0m
  [1m[35mSQL (11.8ms)[0m  [1m[32mINSERT INTO "books" ("title", "memo", "created_at", "updated_at", "author", "picture") VALUES (?, ?, ?, ?, ?, ?)[0m  [["title", "asdf"], ["memo", "asdfs"], ["created_at", "2019-11-15 03:50:16.201048"], ["updated_at", "2019-11-15 03:50:16.201048"], ["author", "asdf"], ["picture", "#<ActionDispatch::Http::UploadedFile:0x00007fcb732e6a08>"]]
  [1m[35m (1.1ms)[0m  [1m[36mcommit transaction[0m
Redirected to http://localhost:3000/books/2
Completed 302 Found in 19ms (ActiveRecord: 13.0ms)


Started GET "/books/2" for ::1 at 2019-11-15 12:50:16 +0900
Processing by BooksController#show as HTML
  Parameters: {"id"=>"2"}
  [1m[36mBook Load (0.2ms)[0m  [1m[34mSELECT  "books".* FROM "books" WHERE "books"."id" = ? LIMIT ?[0m  [["id", 2], ["LIMIT", 1]]
  Rendering books/show.html.erb within layouts/application
  Rendered books/show.html.erb within layouts/application (8.2ms)
Completed 500 Internal Server Error in 14ms (ActiveRecord: 0.2ms)


  
ActionView::Template::Error (undefined method `picture_url' for #<Book:0x00007fcb7336efe8>
Did you mean?  picture_was):
    17: 
    18: <p>
    19:   <strong>Picture</strong>
    20:   <%= image_tag(@book.picture_url) if @book.picture.present? %>
    21: </p>
    22: 
    23: <%= link_to 'Edit', edit_book_path(@book) %> |
  
app/views/books/show.html.erb:20:in `_app_views_books_show_html_erb__3094630707792705223_70255894052580'
  [1m[35m (0.8ms)[0m  [1m[34mSELECT "schema_migrations"."version" FROM "schema_migrations" ORDER BY "schema_migrations"."version" ASC[0m
  [1m[36mActiveRecord::InternalMetadata Load (1.0ms)[0m  [1m[34mSELECT  "ar_internal_metadata".* FROM "ar_internal_metadata" WHERE "ar_internal_metadata"."key" = ? LIMIT ?[0m  [["key", "environment"], ["LIMIT", 1]]
  [1m[35m (0.1ms)[0m  [1m[36mbegin transaction[0m
  [1m[35m (0.0ms)[0m  [1m[36mcommit transaction[0m
  [1m[35m (0.1ms)[0m  [1m[34mSELECT "schema_migrations"."version" FROM "schema_migrations" ORDER BY "schema_migrations"."version" ASC[0m
Started GET "/books/2" for ::1 at 2019-11-15 12:54:18 +0900
  [1m[35m (0.7ms)[0m  [1m[34mSELECT "schema_migrations"."version" FROM "schema_migrations" ORDER BY "schema_migrations"."version" ASC[0m
Processing by BooksController#show as HTML
  Parameters: {"id"=>"2"}
  [1m[36mBook Load (0.7ms)[0m  [1m[34mSELECT  "books".* FROM "books" WHERE "books"."id" = ? LIMIT ?[0m  [["id", 2], ["LIMIT", 1]]
  Rendering books/show.html.erb within layouts/application
  Rendered books/show.html.erb within layouts/application (9.4ms)
Completed 500 Internal Server Error in 41ms (ActiveRecord: 1.2ms)


  
ActionView::Template::Error (undefined method `picture_url' for #<Book:0x00007ff416e6cac8>
Did you mean?  picture_was):
    17: 
    18: <p>
    19:   <strong>Picture</strong>
    20:   <%= image_tag(@book.picture_url) if @book.picture.present? %>
    21: </p>
    22: 
    23: <%= link_to 'Edit', edit_book_path(@book) %> |
  
app/views/books/show.html.erb:20:in `_app_views_books_show_html_erb__3638302845063548832_70343166500880'
Started GET "/books/2" for ::1 at 2019-11-15 12:56:11 +0900
  [1m[35m (0.1ms)[0m  [1m[34mSELECT "schema_migrations"."version" FROM "schema_migrations" ORDER BY "schema_migrations"."version" ASC[0m
Processing by BooksController#show as HTML
  Parameters: {"id"=>"2"}
  [1m[36mBook Load (0.1ms)[0m  [1m[34mSELECT  "books".* FROM "books" WHERE "books"."id" = ? LIMIT ?[0m  [["id", 2], ["LIMIT", 1]]
  Rendering books/show.html.erb within layouts/application
  Rendered books/show.html.erb within layouts/application (7.7ms)
Completed 500 Internal Server Error in 30ms (ActiveRecord: 0.7ms)


  
ActionView::Template::Error (undefined method `picture_url' for #<Book:0x00007fe7a30ea708>
Did you mean?  picture_was):
    17: 
    18: <p>
    19:   <strong>Picture</strong>
    20:   <%= image_tag(@book.picture_url) if @book.picture.present? %>
    21: </p>
    22: 
    23: <%= link_to 'Edit', edit_book_path(@book) %> |
  
app/views/books/show.html.erb:20:in `_app_views_books_show_html_erb___1911192741304391134_70316400474640'
Started GET "/books/" for ::1 at 2019-11-15 12:56:16 +0900
Processing by BooksController#index as HTML
  Rendering books/index.html.erb within layouts/application
  [1m[36mBook Load (0.1ms)[0m  [1m[34mSELECT "books".* FROM "books"[0m
  Rendered books/index.html.erb within layouts/application (2.4ms)
Completed 200 OK in 248ms (Views: 243.2ms | ActiveRecord: 0.3ms)


Started GET "/books/2" for ::1 at 2019-11-15 12:56:19 +0900
Processing by BooksController#show as HTML
  Parameters: {"id"=>"2"}
  [1m[36mBook Load (0.3ms)[0m  [1m[34mSELECT  "books".* FROM "books" WHERE "books"."id" = ? LIMIT ?[0m  [["id", 2], ["LIMIT", 1]]
  Rendering books/show.html.erb within layouts/application
  Rendered books/show.html.erb within layouts/application (11.0ms)
Completed 500 Internal Server Error in 23ms (ActiveRecord: 0.3ms)


  
ActionView::Template::Error (undefined method `picture_url' for #<Book:0x00007fe7a0e60de0>
Did you mean?  picture_was):
    17: 
    18: <p>
    19:   <strong>Picture</strong>
    20:   <%= image_tag(@book.picture_url) if @book.picture.present? %>
    21: </p>
    22: 
    23: <%= link_to 'Edit', edit_book_path(@book) %> |
  
app/views/books/show.html.erb:20:in `_app_views_books_show_html_erb___1911192741304391134_70316406820960'
Started GET "/books/" for ::1 at 2019-11-15 12:56:20 +0900
Processing by BooksController#index as HTML
  Rendering books/index.html.erb within layouts/application
  [1m[36mBook Load (0.5ms)[0m  [1m[34mSELECT "books".* FROM "books"[0m
  Rendered books/index.html.erb within layouts/application (3.9ms)
Completed 200 OK in 40ms (Views: 34.5ms | ActiveRecord: 0.5ms)


Started GET "/books/" for ::1 at 2019-11-15 12:57:57 +0900
  [1m[35m (0.1ms)[0m  [1m[34mSELECT "schema_migrations"."version" FROM "schema_migrations" ORDER BY "schema_migrations"."version" ASC[0m
Processing by BooksController#index as HTML
  Rendering books/index.html.erb within layouts/application
  [1m[36mBook Load (0.3ms)[0m  [1m[34mSELECT "books".* FROM "books"[0m
  Rendered books/index.html.erb within layouts/application (10.2ms)
Completed 200 OK in 184ms (Views: 173.4ms | ActiveRecord: 0.9ms)


Started GET "/books/2" for ::1 at 2019-11-15 12:57:59 +0900
Processing by BooksController#show as HTML
  Parameters: {"id"=>"2"}
  [1m[36mBook Load (0.4ms)[0m  [1m[34mSELECT  "books".* FROM "books" WHERE "books"."id" = ? LIMIT ?[0m  [["id", 2], ["LIMIT", 1]]
  Rendering books/show.html.erb within layouts/application
  Rendered books/show.html.erb within layouts/application (1.6ms)
Completed 200 OK in 40ms (Views: 31.1ms | ActiveRecord: 0.4ms)


Started GET "/books" for ::1 at 2019-11-15 12:58:01 +0900
Processing by BooksController#index as HTML
  Rendering books/index.html.erb within layouts/application
  [1m[36mBook Load (0.2ms)[0m  [1m[34mSELECT "books".* FROM "books"[0m
  Rendered books/index.html.erb within layouts/application (2.2ms)
Completed 200 OK in 42ms (Views: 39.2ms | ActiveRecord: 0.2ms)


Started GET "/books/2/edit" for ::1 at 2019-11-15 12:58:03 +0900
Processing by BooksController#edit as HTML
  Parameters: {"id"=>"2"}
  [1m[36mBook Load (0.2ms)[0m  [1m[34mSELECT  "books".* FROM "books" WHERE "books"."id" = ? LIMIT ?[0m  [["id", 2], ["LIMIT", 1]]
  Rendering books/edit.html.erb within layouts/application
  Rendered books/_form.html.erb (23.1ms)
  Rendered books/edit.html.erb within layouts/application (24.7ms)
Completed 200 OK in 52ms (Views: 44.7ms | ActiveRecord: 0.2ms)


Started PATCH "/books/2" for ::1 at 2019-11-15 12:58:10 +0900
Processing by BooksController#update as HTML
  Parameters: {"utf8"=>"✓", "authenticity_token"=>"N3fTth4mHBwEevmjyRwnIcEc0QZmBD3RywTuxVVlJrZn90VfFPC9DCYUQ5kswSMeE+c+JDUPCKsGcau206qrpA==", "book"=>{"title"=>"asdf", "memo"=>"asdfs", "author"=>"asdf", "picture"=>#<ActionDispatch::Http::UploadedFile:0x00007f88ffff18f8 @tempfile=#<Tempfile:/var/folders/km/89k8ky8j469065fkkcf5_k8m0000gn/T/RackMultipart20191115-6574-ts2zzw.jpg>, @original_filename="34049963883_bd327da71a_b.jpg", @content_type="image/jpeg", @headers="Content-Disposition: form-data; name=\"book[picture]\"; filename=\"34049963883_bd327da71a_b.jpg\"\r\nContent-Type: image/jpeg\r\n">}, "commit"=>"Update Book", "id"=>"2"}
  [1m[36mBook Load (0.2ms)[0m  [1m[34mSELECT  "books".* FROM "books" WHERE "books"."id" = ? LIMIT ?[0m  [["id", 2], ["LIMIT", 1]]
  [1m[35m (0.0ms)[0m  [1m[36mbegin transaction[0m
  [1m[35mSQL (1.8ms)[0m  [1m[33mUPDATE "books" SET "picture" = ?, "updated_at" = ? WHERE "books"."id" = ?[0m  [["picture", "34049963883_bd327da71a_b.jpg"], ["updated_at", "2019-11-15 03:58:10.803345"], ["id", 2]]
  [1m[35m (1.0ms)[0m  [1m[36mcommit transaction[0m
Redirected to http://localhost:3000/books/2
Completed 302 Found in 21ms (ActiveRecord: 3.1ms)


Started GET "/books/2" for ::1 at 2019-11-15 12:58:10 +0900
Processing by BooksController#show as HTML
  Parameters: {"id"=>"2"}
  [1m[36mBook Load (0.2ms)[0m  [1m[34mSELECT  "books".* FROM "books" WHERE "books"."id" = ? LIMIT ?[0m  [["id", 2], ["LIMIT", 1]]
  Rendering books/show.html.erb within layouts/application
  Rendered books/show.html.erb within layouts/application (1.1ms)
Completed 200 OK in 25ms (Views: 21.5ms | ActiveRecord: 0.2ms)


Started GET "/books" for ::1 at 2019-11-15 12:58:16 +0900
Processing by BooksController#index as HTML
  Rendering books/index.html.erb within layouts/application
  [1m[36mBook Load (0.3ms)[0m  [1m[34mSELECT "books".* FROM "books"[0m
  Rendered books/index.html.erb within layouts/application (3.5ms)
Completed 200 OK in 41ms (Views: 35.9ms | ActiveRecord: 0.3ms)


